<?xml version="1.0" encoding="UTF-8"?>
<!-- Generated by org.testng.reporters.JUnitXMLReporter -->
<testsuite ignored="2" hostname="TYSS-Nagesh-DJ" failures="0" tests="6" name="TestRunner-2" time="53.906" errors="0" timestamp="07 Nov 2024 07:55:56 GMT">
  <testcase classname="testNG.com.crm.orgTest.CreateOrganizationTest" name="CreateOrTest" time="0.002"/>
  <testcase classname="testNG.com.crm.orgTest.CreateOrganizationTest" name="createOrgWithIndustriesTest" time="0.002"/>
  <testcase classname="testNG.com.crm.orgTest.CreateOrganizationTest" name="createOrgWithPhoneNumberTest" time="0.001"/>
  <testcase classname="testNG.com.crm.contactTest.CreateContactTest" name="CreateContactTest" time="8.529"/>
  <testcase classname="testNG.com.crm.contactTest.CreateContactTest" name="createContactWithOrgTest" time="0.001"/>
  <testcase classname="testNG.com.crm.contactTest.CreateContactTest" name="createContactWithSupportDateTest" time="0.001"/>
  <testcase classname="testNG.com.crm.baseutility.b_BaseClass" name="@AfterSuite configAS" time="0.0">
    <ignored/>
  </testcase> <!-- @AfterSuite configAS -->
  <testcase classname="testNG.com.crm.baseutility.b_BaseClass" name="@BeforeSuite configBS" time="0.0">
    <ignored/>
  </testcase> <!-- @BeforeSuite configBS -->
</testsuite> <!-- TestRunner-2 -->
