<?xml version="1.0" encoding="UTF-8"?>
<testng-results ignored="0" total="1" passed="1" failed="0" skipped="0">
  <reporter-output>
  </reporter-output>
  <suite started-at="2024-11-12T16:56:39 IST" name="Default suite" finished-at="2024-11-12T16:56:39 IST" duration-ms="89">
    <groups>
    </groups>
    <test started-at="2024-11-12T16:56:39 IST" name="Default test" finished-at="2024-11-12T16:56:39 IST" duration-ms="89">
      <class name="pack1.CreateContactTest">
        <test-method signature="createContactTest()[pri:0, instance:pack1.CreateContactTest@22555ebf]" started-at="2024-11-12T16:56:39 IST" name="createContactTest" finished-at="2024-11-12T16:56:39 IST" duration-ms="17" status="PASS">
          <reporter-output>
          </reporter-output>
        </test-method> <!-- createContactTest -->
      </class> <!-- pack1.CreateContactTest -->
    </test> <!-- Default test -->
  </suite> <!-- Default suite -->
</testng-results>
